This is pdfTeX, Version 3.141592653-2.6-1.40.28 (TeX Live 2025) (preloaded format=pdflatex 2025.10.25)  26 OCT 2025 14:59
entering extended mode
 restricted \write18 enabled.
 file:line:error style messages enabled.
 %&-line parsing enabled.
**PAMNotes.tex
(./PAMNotes.tex
LaTeX2e <2025-06-01> patch level 1
L3 programming layer <2025-10-09>
(/home/arch/storage/texlive/2025/texmf-dist/tex/latex/revtex/revtex4-2.cls
Document Class: revtex4-2 2022/06/05 4.2f (https://journals.aps.org/revtex/ for documentation)
 Copyright (c) 2019 American Physical Society.
 mailto:revtex@aps.org
 Licensed under the LPPL:
http://www.ctan.org/tex-archive/macros/latex/base/lppl.txt
 Arthur Ogawa <arthur_ogawa at sbcglobal dot net>
 Based on work by David Carlisle <david at dcarlisle.demon.co.uk>
 Version (4.2d--4.2f): Modified by Mark Doyle and Phelype Oleinik
 .
ltxutil[2022/06/05 4.2f utilities package (portions licensed from W. E. Baxter web at superscript.com)]
LaTeX Info: Redefining \@centercr on input line 356.
Class revtex4-2 Info: Repairing hyperref-unfriendly LaTeX definition of \mpfootnote on input line 492.
Class revtex4-2 Info: Repairing broken LateX \@sect on input line 814.
\intertabularlinepenalty=\count275
\@tbpen=\count276
\@arstrutbox@hline=\box53
Class revtex4-2 Info: Repairing broken LaTeX \@xbitor on input line 1845.
Class revtex4-2 Info: Making \typeout \long on input line 2110.
ltxfront[2022/06/05 4.2f frontmatter package (AO,DPC,MD)]
\c@affil=\count277
\c@collab=\count278
\absbox=\box54
ltxgrid[2022/06/05 4.2f page grid package (portions licensed from W. E. Baxter web at superscript.com)]
\c@linecount=\count279
\output@latex=\toks17
\box@size@1=\box55
\box@size@2=\box56
\@protection@box=\box57
\@topmark@saved=\toks18
\footins@saved=\box58
\footins@recovered=\box59
\column@recovered=\box60
\pagesofar=\box61
\footsofar=\box62
\pagegrid@col=\count280
Class revtex4-2 Info: Overriding \@vspace, \@vspacer, \@no@pgbk, \@newline, and \\  on input line 5676.
\c@part=\count281
\c@section=\count282
\c@subsection=\count283
\c@subsubsection=\count284
\c@paragraph=\count285
\c@subparagraph=\count286
\abovecaptionskip=\skip49
\belowcaptionskip=\skip50
\c@figure=\count287
\fbox@1=\box63
\c@table=\count288
\fbox@2=\box64
\c@video=\count289
\fbox@4=\box65
\@bibdataout=\write3
\widetext@top=\box66
\widetext@bot=\box67

Class revtex4-2 Warning: No Society specified, using default society aps.

(/home/arch/storage/texlive/2025/texmf-dist/tex/latex/revtex/aps4-2.rtx
File: aps4-2 2022/06/05 4.2f (https://journals.aps.org/revtex/ for documentation)
Class revtex4-2 Info: RevTeX society APS selected on input line 40.
)

Class revtex4-2 Warning: No journal specified, using default pra.

Class revtex4-2 Info: APS journal PRA selected on input line 7672.
(/home/arch/storage/texlive/2025/texmf-dist/tex/latex/revtex/aps10pt4-2.rtx
File: aps10pt4-2 2022/06/05 4.2f (https://journals.aps.org/revtex/ for documentation)
Class revtex4-2 Info: RevTeX pointsize 10pt selected on input line 39.
) (/home/arch/storage/texlive/2025/texmf-dist/tex/latex/textcase/textcase.sty
Package: textcase 2025/02/16 v1.05 Text only upper/lower case changing (DPC)
Package textcase Info: Defining Legacy names on input line 20.
) (/home/arch/storage/texlive/2025/texmf-dist/tex/latex/url/url.sty
\Urlmuskip=\muskip17
Package: url 2013/09/16  ver 3.4  Verb mode for urls, etc.
) (/home/arch/storage/texlive/2025/texmf-dist/tex/latex/natbib/natbib.sty
Package: natbib 2010/09/13 8.31b (PWD, AO)
\bibhang=\skip51
\bibsep=\skip52
LaTeX Info: Redefining \cite on input line 694.
\c@NAT@ctr=\count290
)
Class revtex4-2 Info: Repairing natbib's \BibitemShut on input line 7676.
 (/home/arch/storage/texlive/2025/texmf-dist/tex/latex/revtex/revsymb4-2.sty
Package: revsymb4-2 2022/06/05 4.2f (https://journals.aps.org/revtex/ for documentation)
LaTeX Info: Redefining \REV@mathfrak on input line 128.
)) (/home/arch/storage/texlive/2025/texmf-dist/tex/latex/geometry/geometry.sty
Package: geometry 2020/01/02 v5.9 Page Geometry
 (/home/arch/storage/texlive/2025/texmf-dist/tex/latex/graphics/keyval.sty
Package: keyval 2022/05/29 v1.15 key=value parser (DPC)
\KV@toks@=\toks19
) (/home/arch/storage/texlive/2025/texmf-dist/tex/generic/iftex/ifvtex.sty
Package: ifvtex 2019/10/25 v1.7 ifvtex legacy package. Use iftex instead.
 (/home/arch/storage/texlive/2025/texmf-dist/tex/generic/iftex/iftex.sty
Package: iftex 2024/12/12 v1.0g TeX engine tests
))
\Gm@cnth=\count291
\Gm@cntv=\count292
\c@Gm@tempcnt=\count293
\Gm@bindingoffset=\dimen148
\Gm@wd@mp=\dimen149
\Gm@odd@mp=\dimen150
\Gm@even@mp=\dimen151
\Gm@layoutwidth=\dimen152
\Gm@layoutheight=\dimen153
\Gm@layouthoffset=\dimen154
\Gm@layoutvoffset=\dimen155
\Gm@dimlist=\toks20
) (/home/arch/storage/texlive/2025/texmf-dist/tex/latex/graphics/graphicx.sty
Package: graphicx 2024/12/31 v1.2e Enhanced LaTeX Graphics (DPC,SPQR)
 (/home/arch/storage/texlive/2025/texmf-dist/tex/latex/graphics/graphics.sty
Package: graphics 2024/08/06 v1.4g Standard LaTeX Graphics (DPC,SPQR)
 (/home/arch/storage/texlive/2025/texmf-dist/tex/latex/graphics/trig.sty
Package: trig 2023/12/02 v1.11 sin cos tan (DPC)
) (/home/arch/storage/texlive/2025/texmf-dist/tex/latex/graphics-cfg/graphics.cfg
File: graphics.cfg 2016/06/04 v1.11 sample graphics configuration
)
Package graphics Info: Driver file: pdftex.def on input line 106.
 (/home/arch/storage/texlive/2025/texmf-dist/tex/latex/graphics-def/pdftex.def
File: pdftex.def 2025/09/29 v1.2d Graphics/color driver for pdftex
))
\Gin@req@height=\dimen156
\Gin@req@width=\dimen157
) (/home/arch/storage/texlive/2025/texmf-dist/tex/latex/braket/braket.sty) (/home/arch/storage/texlive/2025/texmf-dist/tex/latex/tools/bm.sty
Package: bm 2023/12/19 v1.2f Bold Symbol Support (DPC/FMi)
\symboldoperators=\mathgroup4
\symboldletters=\mathgroup5
\symboldsymbols=\mathgroup6
Package bm Info: No bold for \OMX/cmex/m/n, using \pmb.
LaTeX Font Info:    Redeclaring math alphabet \mathbf on input line 149.
LaTeX Info: Redefining \bm on input line 219.
) (/home/arch/storage/texlive/2025/texmf-dist/tex/latex/hyperref/hyperref.sty
Package: hyperref 2025-07-12 v7.01o Hypertext links for LaTeX
 (/home/arch/storage/texlive/2025/texmf-dist/tex/latex/kvsetkeys/kvsetkeys.sty
Package: kvsetkeys 2022-10-05 v1.19 Key value parser (HO)
) (/home/arch/storage/texlive/2025/texmf-dist/tex/generic/kvdefinekeys/kvdefinekeys.sty
Package: kvdefinekeys 2019-12-19 v1.6 Define keys (HO)
) (/home/arch/storage/texlive/2025/texmf-dist/tex/generic/pdfescape/pdfescape.sty
Package: pdfescape 2019/12/09 v1.15 Implements pdfTeX's escape features (HO)
 (/home/arch/storage/texlive/2025/texmf-dist/tex/generic/ltxcmds/ltxcmds.sty
Package: ltxcmds 2023-12-04 v1.26 LaTeX kernel commands for general use (HO)
) (/home/arch/storage/texlive/2025/texmf-dist/tex/generic/pdftexcmds/pdftexcmds.sty
Package: pdftexcmds 2020-06-27 v0.33 Utility functions of pdfTeX for LuaTeX (HO)
 (/home/arch/storage/texlive/2025/texmf-dist/tex/generic/infwarerr/infwarerr.sty
Package: infwarerr 2019/12/03 v1.5 Providing info/warning/error messages (HO)
)
Package pdftexcmds Info: \pdf@primitive is available.
Package pdftexcmds Info: \pdf@ifprimitive is available.
Package pdftexcmds Info: \pdfdraftmode found.
)) (/home/arch/storage/texlive/2025/texmf-dist/tex/latex/hycolor/hycolor.sty
Package: hycolor 2020-01-27 v1.10 Color options for hyperref/bookmark (HO)
) (/home/arch/storage/texlive/2025/texmf-dist/tex/latex/hyperref/nameref.sty
Package: nameref 2025-06-21 v2.57 Cross-referencing by name of section
 (/home/arch/storage/texlive/2025/texmf-dist/tex/latex/refcount/refcount.sty
Package: refcount 2019/12/15 v3.6 Data extraction from label references (HO)
)
(/home/arch/storage/texlive/2025/texmf-dist/tex/generic/gettitlestring/gettitlestring.sty
Package: gettitlestring 2019/12/15 v1.6 Cleanup title references (HO)
 (/home/arch/storage/texlive/2025/texmf-dist/tex/latex/kvoptions/kvoptions.sty
Package: kvoptions 2022-06-15 v3.15 Key value format for package options (HO)
))

Package nameref Warning: The definition of \label has changed! 
(nameref)                Check your packages! 
(nameref)                Replacing it with the kernel definition on input line 149.

\c@section@level=\count294
) (/home/arch/storage/texlive/2025/texmf-dist/tex/latex/etoolbox/etoolbox.sty
Package: etoolbox 2025/10/02 v2.5m e-TeX tools for LaTeX (JAW)
\etb@tempcnta=\count295
) (/home/arch/storage/texlive/2025/texmf-dist/tex/generic/stringenc/stringenc.sty
Package: stringenc 2019/11/29 v1.12 Convert strings between diff. encodings (HO)
)
\@linkdim=\dimen158
\Hy@linkcounter=\count296
\Hy@pagecounter=\count297
 (/home/arch/storage/texlive/2025/texmf-dist/tex/latex/hyperref/pd1enc.def
File: pd1enc.def 2025-07-12 v7.01o Hyperref: PDFDocEncoding definition (HO)
Now handling font encoding PD1 ...
... no UTF-8 mapping file for font encoding PD1
) (/home/arch/storage/texlive/2025/texmf-dist/tex/generic/intcalc/intcalc.sty
Package: intcalc 2019/12/15 v1.3 Expandable calculations with integers (HO)
)
\Hy@SavedSpaceFactor=\count298
 (/home/arch/storage/texlive/2025/texmf-dist/tex/latex/hyperref/puenc.def
File: puenc.def 2025-07-12 v7.01o Hyperref: PDF Unicode definition (HO)
Now handling font encoding PU ...
... no UTF-8 mapping file for font encoding PU
)
Package hyperref Info: Hyper figures OFF on input line 4195.
Package hyperref Info: Link nesting OFF on input line 4200.
Package hyperref Info: Hyper index ON on input line 4203.
Package hyperref Info: Plain pages OFF on input line 4210.
Package hyperref Info: Backreferencing OFF on input line 4215.
Package hyperref Info: Implicit mode ON; LaTeX internals redefined.
Package hyperref Info: Bookmarks ON on input line 4462.
LaTeX Info: Redefining \href on input line 4712.
\c@Hy@tempcnt=\count299
LaTeX Info: Redefining \url on input line 4801.
\XeTeXLinkMargin=\dimen159
 (/home/arch/storage/texlive/2025/texmf-dist/tex/generic/bitset/bitset.sty
Package: bitset 2019/12/09 v1.3 Handle bit-vector datatype (HO)
 (/home/arch/storage/texlive/2025/texmf-dist/tex/generic/bigintcalc/bigintcalc.sty
Package: bigintcalc 2019/12/15 v1.5 Expandable calculations on big integers (HO)
))
\Fld@menulength=\count300
\Field@Width=\dimen160
\Fld@charsize=\dimen161
Package hyperref Info: Hyper figures OFF on input line 6078.
Package hyperref Info: Link nesting OFF on input line 6083.
Package hyperref Info: Hyper index ON on input line 6086.
Package hyperref Info: backreferencing OFF on input line 6093.
Package hyperref Info: Link coloring OFF on input line 6098.
Package hyperref Info: Link coloring with OCG OFF on input line 6103.
Package hyperref Info: PDF/A mode OFF on input line 6108.
\Hy@abspage=\count301
\c@Item=\count302
\c@Hfootnote=\count303
)
Package hyperref Info: Driver (autodetected): hpdftex.
 (/home/arch/storage/texlive/2025/texmf-dist/tex/latex/hyperref/hpdftex.def
File: hpdftex.def 2025-07-12 v7.01o Hyperref driver for pdfTeX
\Fld@listcount=\count304
\c@bookmark@seq@number=\count305
 (/home/arch/storage/texlive/2025/texmf-dist/tex/latex/rerunfilecheck/rerunfilecheck.sty
Package: rerunfilecheck 2025-06-21 v1.11 Rerun checks for auxiliary files (HO)
 (/home/arch/storage/texlive/2025/texmf-dist/tex/generic/uniquecounter/uniquecounter.sty
Package: uniquecounter 2019/12/15 v1.4 Provide unlimited unique counter (HO)
)
Package uniquecounter Info: New unique counter `rerunfilecheck' on input line 284.
)
\Hy@SectionHShift=\skip53
) (/home/arch/storage/texlive/2025/texmf-dist/tex/latex/amsmath/amsmath.sty
Package: amsmath 2025/06/16 v2.17y AMS math features
\@mathmargin=\skip54

For additional information on amsmath, use the `?' option.
(/home/arch/storage/texlive/2025/texmf-dist/tex/latex/amsmath/amstext.sty
Package: amstext 2024/11/17 v2.01 AMS text
 (/home/arch/storage/texlive/2025/texmf-dist/tex/latex/amsmath/amsgen.sty
File: amsgen.sty 1999/11/30 v2.0 generic functions
\@emptytoks=\toks21
\ex@=\dimen162
)
LaTeX Info: Redefining \text on input line 28.
) (/home/arch/storage/texlive/2025/texmf-dist/tex/latex/amsmath/amsbsy.sty
Package: amsbsy 1999/11/29 v1.2d Bold Symbols
LaTeX Info: Redefining \boldsymbol on input line 28.
\pmbraise@=\dimen163
) (/home/arch/storage/texlive/2025/texmf-dist/tex/latex/amsmath/amsopn.sty
Package: amsopn 2022/04/08 v2.04 operator names
)
\inf@bad=\count306
LaTeX Info: Redefining \frac on input line 233.
\uproot@=\count307
\leftroot@=\count308
LaTeX Info: Redefining \overline on input line 398.
LaTeX Info: Redefining \colon on input line 409.
\classnum@=\count309
\DOTSCASE@=\count310
LaTeX Info: Redefining \ldots on input line 495.
LaTeX Info: Redefining \dots on input line 498.
LaTeX Info: Redefining \cdots on input line 619.
\Mathstrutbox@=\box68
\strutbox@=\box69
LaTeX Info: Redefining \big on input line 721.
LaTeX Info: Redefining \Big on input line 722.
LaTeX Info: Redefining \bigg on input line 723.
LaTeX Info: Redefining \Bigg on input line 724.
\big@size=\dimen164
LaTeX Font Info:    Redeclaring font encoding OML on input line 742.
LaTeX Font Info:    Redeclaring font encoding OMS on input line 743.
\macc@depth=\count311
LaTeX Info: Redefining \bmod on input line 904.
LaTeX Info: Redefining \pmod on input line 909.
LaTeX Info: Redefining \smash on input line 939.
LaTeX Info: Redefining \relbar on input line 969.
LaTeX Info: Redefining \Relbar on input line 970.
\c@MaxMatrixCols=\count312
\dotsspace@=\muskip18
\c@parentequation=\count313
\dspbrk@lvl=\count314
\tag@help=\toks22
\row@=\count315
\column@=\count316
\maxfields@=\count317
\andhelp@=\toks23
\eqnshift@=\dimen165
\alignsep@=\dimen166
\tagshift@=\dimen167
\tagwidth@=\dimen168
\totwidth@=\dimen169
\lineht@=\dimen170
\@envbody=\toks24
\multlinegap=\skip55
\multlinetaggap=\skip56
\mathdisplay@stack=\toks25
LaTeX Info: Redefining \[ on input line 2949.
LaTeX Info: Redefining \] on input line 2950.
) (/home/arch/storage/texlive/2025/texmf-dist/tex/latex/amsfonts/amssymb.sty
Package: amssymb 2013/01/14 v3.01 AMS font symbols
 (/home/arch/storage/texlive/2025/texmf-dist/tex/latex/amsfonts/amsfonts.sty
Package: amsfonts 2013/01/14 v3.01 Basic AMSFonts support
\symAMSa=\mathgroup7
\symAMSb=\mathgroup8
LaTeX Font Info:    Redeclaring math symbol \hbar on input line 98.
LaTeX Font Info:    Overwriting math alphabet `\mathfrak' in version `bold'
(Font)                  U/euf/m/n --> U/euf/b/n on input line 106.
LaTeX Info: Redefining \frak on input line 111.
LaTeX Info: Redefining \Bbb on input line 113.
))
Class revtex4-2 Info: Unrecognized LaTeX tabular. Please update this document class! (Proceeding with fingers crossed.) on input line 12.
Class revtex4-2 Info: cite was not loaded (OK!) on input line 12.
Class revtex4-2 Info: mcite was not loaded (OK!) on input line 12.
Class revtex4-2 Info: multicol was not loaded (OK!) on input line 12.
 (/home/arch/storage/texlive/2025/texmf-dist/tex/latex/l3backend/l3backend-pdftex.def
File: l3backend-pdftex.def 2025-10-09 L3 backend support: PDF output (pdfTeX)
\l__color_backend_stack_int=\count318
) (./PAMNotes.aux)
\openout1 = `PAMNotes.aux'.

LaTeX Font Info:    Checking defaults for OML/cmm/m/it on input line 12.
LaTeX Font Info:    ... okay on input line 12.
LaTeX Font Info:    Checking defaults for OMS/cmsy/m/n on input line 12.
LaTeX Font Info:    ... okay on input line 12.
LaTeX Font Info:    Checking defaults for OT1/cmr/m/n on input line 12.
LaTeX Font Info:    ... okay on input line 12.
LaTeX Font Info:    Checking defaults for T1/cmr/m/n on input line 12.
LaTeX Font Info:    ... okay on input line 12.
LaTeX Font Info:    Checking defaults for TS1/cmr/m/n on input line 12.
LaTeX Font Info:    ... okay on input line 12.
LaTeX Font Info:    Checking defaults for OMX/cmex/m/n on input line 12.
LaTeX Font Info:    ... okay on input line 12.
LaTeX Font Info:    Checking defaults for U/cmr/m/n on input line 12.
LaTeX Font Info:    ... okay on input line 12.
LaTeX Font Info:    Checking defaults for PD1/pdf/m/n on input line 12.
LaTeX Font Info:    ... okay on input line 12.
LaTeX Font Info:    Checking defaults for PU/pdf/m/n on input line 12.
LaTeX Font Info:    ... okay on input line 12.

*geometry* driver: auto-detecting
*geometry* detected driver: pdftex
*geometry* verbose mode - [ preamble ] result:
* driver: pdftex
* paper: <default>
* layout: <same size as paper>
* layoutoffset:(h,v)=(0.0pt,0.0pt)
* modes: 
* h-part:(L,W,R)=(56.9055pt, 500.484pt, 56.9055pt)
* v-part:(T,H,B)=(56.9055pt, 681.15898pt, 56.9055pt)
* \paperwidth=614.295pt
* \paperheight=794.96999pt
* \textwidth=500.484pt
* \textheight=681.15898pt
* \oddsidemargin=-15.36449pt
* \evensidemargin=-15.36449pt
* \topmargin=-56.36449pt
* \headheight=25.0pt
* \headsep=16.0pt
* \topskip=10.0pt
* \footskip=30.0pt
* \marginparwidth=30.0pt
* \marginparsep=6.0pt
* \columnsep=18.0pt
* \skip\footins=39.0pt plus 4.0pt minus 12.0pt
* \hoffset=0.0pt
* \voffset=0.0pt
* \mag=1000
* \@twocolumnfalse
* \@twosidefalse
* \@mparswitchfalse
* \@reversemarginfalse
* (1in=72.27pt=25.4mm, 1cm=28.453pt)

(/home/arch/storage/texlive/2025/texmf-dist/tex/context/base/mkii/supp-pdf.mkii
[Loading MPS to PDF converter (version 2006.09.02).]
\scratchcounter=\count319
\scratchdimen=\dimen171
\scratchbox=\box70
\nofMPsegments=\count320
\nofMParguments=\count321
\everyMPshowfont=\toks26
\MPscratchCnt=\count322
\MPscratchDim=\dimen172
\MPnumerator=\count323
\makeMPintoPDFobject=\count324
\everyMPtoPDFconversion=\toks27
) (/home/arch/storage/texlive/2025/texmf-dist/tex/latex/epstopdf-pkg/epstopdf-base.sty
Package: epstopdf-base 2020-01-24 v2.11 Base part for package epstopdf
Package epstopdf-base Info: Redefining graphics rule for `.eps' on input line 485.
 (/home/arch/storage/texlive/2025/texmf-dist/tex/latex/latexconfig/epstopdf-sys.cfg
File: epstopdf-sys.cfg 2010/07/13 v1.3 Configuration of (r)epstopdf for TeX Live
))
Package hyperref Info: Link coloring OFF on input line 12.
 (./PAMNotes.out) (./PAMNotes.out)
\@outlinefile=\write4
\openout4 = `PAMNotes.out'.

Class revtex4-2 Info: Taking \maketitle back from hyperref on input line 12.
\openout3 = `PAMNotesNotes.bib'.



Class revtex4-2 Warning: Assuming \noaffiliation for authors.

LaTeX Font Info:    Trying to load font information for U+msa on input line 23.
(/home/arch/storage/texlive/2025/texmf-dist/tex/latex/amsfonts/umsa.fd
File: umsa.fd 2013/01/14 v3.01 AMS symbols A
)
LaTeX Font Info:    Trying to load font information for U+msb on input line 23.
 (/home/arch/storage/texlive/2025/texmf-dist/tex/latex/amsfonts/umsb.fd
File: umsb.fd 2013/01/14 v3.01 AMS symbols B
)
Overfull \hbox (50.86884pt too wide) detected at line 39
[][][][][]
 []


Overfull \hbox (86.81625pt too wide) detected at line 57
[][][][][]
 []

[1{/home/arch/storage/texlive/2025/texmf-var/fonts/map/pdftex/updmap/pdftex.map}]
Overfull \hbox (54.26685pt too wide) detected at line 101
[][][][][]
 []

[2]
Underfull \hbox (badness 10000) in paragraph at lines 108--110

 []


Underfull \hbox (badness 10000) in paragraph at lines 116--118

 []

[3] [4]
Overfull \hbox (40.43471pt too wide) detected at line 208
[][][][][]
 []

[5] [6]

Package hyperref Warning: Token not allowed in a PDF string (Unicode):
(hyperref)                removing `math shift' on input line 300.


Package hyperref Warning: Token not allowed in a PDF string (Unicode):
(hyperref)                removing `\infty' on input line 300.

<bilayerHubbard.pdf, id=156, 549.67418pt x 277.66924pt>
File: bilayerHubbard.pdf Graphic file (type pdf)
<use bilayerHubbard.pdf>
Package pdftex.def Info: bilayerHubbard.pdf  used on input line 301.
(pdftex.def)             Requested size: 500.484pt x 252.82768pt.

Overfull \hbox (10.0pt too wide) in paragraph at lines 301--302
[][] 
 []

[7]
Overfull \hbox (24.29938pt too wide) detected at line 320
[][][][][]
 []

[8 <./bilayerHubbard.pdf>] (./PAMNotes.bbl) [9] (./PAMNotes.aux)
 ***********
LaTeX2e <2025-06-01> patch level 1
L3 programming layer <2025-10-09>
 ***********
Package rerunfilecheck Info: File `PAMNotes.out' has not changed.
(rerunfilecheck)             Checksum: 403C2468AA39CF80002AFAF54A81B109;3829.
 ) 
Here is how much of TeX's memory you used:
 12281 strings out of 469685
 182868 string characters out of 5475019
 637851 words of memory out of 5000000
 40507 multiletter control sequences out of 15000+600000
 637730 words of font info for 77 fonts, out of 8000000 for 9000
 36 hyphenation exceptions out of 8191
 75i,15n,79p,867b,501s stack positions out of 10000i,1000n,20000p,200000b,200000s
</home/arch/storage/texlive/2025/texmf-dist/fonts/type1/public/amsfonts/cm/cmbx10.pfb></home/arch/storage/texlive/2025/texmf-dist/fonts/type1/public/amsfonts/cm/cmbx12.pfb></home/arch/storage/texlive/2025/texmf-dist/fonts/type1/public/amsfonts/cm/cmbx5.pfb></home/arch/storage/texlive/2025/texmf-dist/fonts/type1/public/amsfonts/cm/cmbx7.pfb></home/arch/storage/texlive/2025/texmf-dist/fonts/type1/public/amsfonts/cm/cmbx9.pfb></home/arch/storage/texlive/2025/texmf-dist/fonts/type1/public/amsfonts/cm/cmex10.pfb></home/arch/storage/texlive/2025/texmf-dist/fonts/type1/public/amsfonts/cm/cmmi10.pfb></home/arch/storage/texlive/2025/texmf-dist/fonts/type1/public/amsfonts/cm/cmmi5.pfb></home/arch/storage/texlive/2025/texmf-dist/fonts/type1/public/amsfonts/cm/cmmi7.pfb></home/arch/storage/texlive/2025/texmf-dist/fonts/type1/public/amsfonts/cm/cmmi9.pfb></home/arch/storage/texlive/2025/texmf-dist/fonts/type1/public/amsfonts/cm/cmmib10.pfb></home/arch/storage/texlive/2025/texmf-dist/fonts/type1/public/amsfonts/cmextra/cmmib7.pfb></home/arch/storage/texlive/2025/texmf-dist/fonts/type1/public/amsfonts/cm/cmr10.pfb></home/arch/storage/texlive/2025/texmf-dist/fonts/type1/public/amsfonts/cm/cmr5.pfb></home/arch/storage/texlive/2025/texmf-dist/fonts/type1/public/amsfonts/cm/cmr7.pfb></home/arch/storage/texlive/2025/texmf-dist/fonts/type1/public/amsfonts/cm/cmr9.pfb></home/arch/storage/texlive/2025/texmf-dist/fonts/type1/public/amsfonts/cm/cmsy10.pfb></home/arch/storage/texlive/2025/texmf-dist/fonts/type1/public/amsfonts/cm/cmsy5.pfb></home/arch/storage/texlive/2025/texmf-dist/fonts/type1/public/amsfonts/cm/cmsy7.pfb></home/arch/storage/texlive/2025/texmf-dist/fonts/type1/public/amsfonts/cm/cmsy9.pfb></home/arch/storage/texlive/2025/texmf-dist/fonts/type1/public/amsfonts/symbols/msbm10.pfb>
Output written on PAMNotes.pdf (9 pages, 316761 bytes).
PDF statistics:
 348 PDF objects out of 1000 (max. 8388607)
 257 compressed objects within 3 object streams
 78 named destinations out of 1000 (max. 500000)
 126 words of extra memory for PDF output out of 10000 (max. 10000000)

